[debug] [2019-12-29T19:13:16.872Z] ----------------------------------------------------------------------
[debug] [2019-12-29T19:13:16.881Z] Command:       /usr/local/bin/node /Users/Chanti/.npm-global/bin/firebase status
[debug] [2019-12-29T19:13:16.882Z] CLI Version:   7.11.0
[debug] [2019-12-29T19:13:16.882Z] Platform:      darwin
[debug] [2019-12-29T19:13:16.882Z] Node Version:  v10.15.1
[debug] [2019-12-29T19:13:16.916Z] Time:          Sun Dec 29 2019 11:13:16 GMT-0800 (Pacific Standard Time)
[debug] [2019-12-29T19:13:16.916Z] ----------------------------------------------------------------------
[debug] [2019-12-29T19:13:16.916Z] 
[error] Error: [object Object] is not a Firebase command
[debug] [2019-12-29T19:13:16.951Z] TypeError: str.toLowerCase is not a function
    at didYouMean (/Users/Chanti/.npm-global/lib/node_modules/firebase-tools/node_modules/didyoumean/didYouMean-1.2.1.js:147:48)
    at suggestCommands (/Users/Chanti/.npm-global/lib/node_modules/firebase-tools/lib/index.js:28:22)
    at Command.<anonymous> (/Users/Chanti/.npm-global/lib/node_modules/firebase-tools/lib/index.js:57:14)
    at Command.listener (/Users/Chanti/.npm-global/lib/node_modules/firebase-tools/node_modules/commander/index.js:360:8)
    at Command.emit (events.js:189:13)
    at Command.EventEmitter.emit (domain.js:441:20)
    at Command.parseArgs (/Users/Chanti/.npm-global/lib/node_modules/firebase-tools/node_modules/commander/index.js:801:12)
    at Command.parse (/Users/Chanti/.npm-global/lib/node_modules/firebase-tools/node_modules/commander/index.js:563:21)
    at Object.<anonymous> (/Users/Chanti/.npm-global/lib/node_modules/firebase-tools/lib/bin/firebase.js:98:22)
    at Module._compile (internal/modules/cjs/loader.js:689:30)
    at Object.Module._extensions..js (internal/modules/cjs/loader.js:700:10)
    at Module.load (internal/modules/cjs/loader.js:599:32)
    at tryModuleLoad (internal/modules/cjs/loader.js:538:12)
    at Function.Module._load (internal/modules/cjs/loader.js:530:3)
    at Function.Module.runMain (internal/modules/cjs/loader.js:742:12)
    at startup (internal/bootstrap/node.js:283:19)
[error] 
[error] Error: An unexpected error has occurred.
